Using pre-set license
Built from '2020.3/release' branch; Version is '2020.3.27f1 (e759542391ea) revision 15161684'; Using compiler version '192528614'; Build Type 'Release'
OS: 'Windows 11  (10.0.22621) 64bit Core' Language: 'en' Physical Memory: 32621 MB
BatchMode: 1, IsHumanControllingUs: 0, StartBugReporterOnCrash: 0, Is64bit: 1, IsPro: 0

COMMAND LINE ARGUMENTS:
C:\Program Files\Unity\Hub\Editor\2020.3.27f1\Editor\Unity.exe
-adb2
-batchMode
-noUpm
-name
AssetImportWorker0
-projectPath
C:/Users/jordm/Desktop/jomcraft/Jomcraft1
-logFile
Logs/AssetImportWorker0.log
-srvPort
64508
Successfully changed project path to: C:/Users/jordm/Desktop/jomcraft/Jomcraft1
C:/Users/jordm/Desktop/jomcraft/Jomcraft1
Using Asset Import Pipeline V2.
Refreshing native plugins compatible for Editor in 60.42 ms, found 2 plugins.
Preloading 0 native plugins for Editor in 0.00 ms.
Initialize engine version: 2020.3.27f1 (e759542391ea)
[Subsystems] Discovering subsystems at path C:/Program Files/Unity/Hub/Editor/2020.3.27f1/Editor/Data/Resources/UnitySubsystems
[Subsystems] Discovering subsystems at path C:/Users/jordm/Desktop/jomcraft/Jomcraft1/Assets
GfxDevice: creating device client; threaded=0
Direct3D:
    Version:  Direct3D 11.0 [level 11.1]
    Renderer: NVIDIA GeForce RTX 3060 Ti (ID=0x2489)
    Vendor:   
    VRAM:     8038 MB
    Driver:   31.0.15.2647
Initialize mono
Mono path[0] = 'C:/Program Files/Unity/Hub/Editor/2020.3.27f1/Editor/Data/Managed'
Mono path[1] = 'C:/Program Files/Unity/Hub/Editor/2020.3.27f1/Editor/Data/MonoBleedingEdge/lib/mono/unityjit'
Mono config path = 'C:/Program Files/Unity/Hub/Editor/2020.3.27f1/Editor/Data/MonoBleedingEdge/etc'
Using monoOptions --debugger-agent=transport=dt_socket,embedding=1,server=y,suspend=n,address=127.0.0.1:56392
Begin MonoManager ReloadAssembly
Registering precompiled unity dll's ...
Register platform support module: C:/Program Files/Unity/Hub/Editor/2020.3.27f1/Editor/Data/PlaybackEngines/WebGLSupport/UnityEditor.WebGL.Extensions.dll
Register platform support module: C:/Program Files/Unity/Hub/Editor/2020.3.27f1/Editor/Data/PlaybackEngines/WindowsStandaloneSupport/UnityEditor.WindowsStandalone.Extensions.dll
Registered in 0.002410 seconds.
Native extension for WindowsStandalone target not found
Native extension for WebGL target not found
Refreshing native plugins compatible for Editor in 57.47 ms, found 2 plugins.
Preloading 0 native plugins for Editor in 0.00 ms.
Mono: successfully reloaded assembly
- Completed reload, in  0.706 seconds
Domain Reload Profiling:
	ReloadAssembly (706ms)
		BeginReloadAssembly (71ms)
			ExecutionOrderSort (0ms)
			DisableScriptedObjects (0ms)
			BackupInstance (0ms)
			ReleaseScriptingObjects (0ms)
			CreateAndSetChildDomain (1ms)
		EndReloadAssembly (543ms)
			LoadAssemblies (69ms)
			RebuildTransferFunctionScriptingTraits (0ms)
			SetupTypeCache (155ms)
			ReleaseScriptCaches (0ms)
			RebuildScriptCaches (28ms)
			SetupLoadedEditorAssemblies (242ms)
				LogAssemblyErrors (0ms)
				InitializePlatformSupportModulesInManaged (4ms)
				SetLoadedEditorAssemblies (0ms)
				RefreshPlugins (58ms)
				BeforeProcessingInitializeOnLoad (14ms)
				ProcessInitializeOnLoadAttributes (136ms)
				ProcessInitializeOnLoadMethodAttributes (30ms)
				AfterProcessingInitializeOnLoad (0ms)
				EditorAssembliesLoaded (0ms)
			ExecutionOrderSort2 (0ms)
			AwakeInstancesAfterBackupRestoration (0ms)
Platform modules already initialized, skipping
Registering precompiled user dll's ...
Registered in 0.004543 seconds.
Begin MonoManager ReloadAssembly
Native extension for WindowsStandalone target not found
Native extension for WebGL target not found
Refreshing native plugins compatible for Editor in 53.43 ms, found 2 plugins.
Preloading 0 native plugins for Editor in 0.00 ms.
Mono: successfully reloaded assembly
- Completed reload, in  1.187 seconds
Domain Reload Profiling:
	ReloadAssembly (1188ms)
		BeginReloadAssembly (261ms)
			ExecutionOrderSort (0ms)
			DisableScriptedObjects (8ms)
			BackupInstance (0ms)
			ReleaseScriptingObjects (0ms)
			CreateAndSetChildDomain (32ms)
		EndReloadAssembly (867ms)
			LoadAssemblies (92ms)
			RebuildTransferFunctionScriptingTraits (0ms)
			SetupTypeCache (262ms)
			ReleaseScriptCaches (0ms)
			RebuildScriptCaches (43ms)
			SetupLoadedEditorAssemblies (363ms)
				LogAssemblyErrors (0ms)
				InitializePlatformSupportModulesInManaged (5ms)
				SetLoadedEditorAssemblies (0ms)
				RefreshPlugins (54ms)
				BeforeProcessingInitializeOnLoad (80ms)
				ProcessInitializeOnLoadAttributes (209ms)
				ProcessInitializeOnLoadMethodAttributes (10ms)
				AfterProcessingInitializeOnLoad (5ms)
				EditorAssembliesLoaded (0ms)
			ExecutionOrderSort2 (0ms)
			AwakeInstancesAfterBackupRestoration (6ms)
Platform modules already initialized, skipping
========================================================================
Worker process is ready to serve import requests
Launched and connected shader compiler UnityShaderCompiler.exe after 0.05 seconds
Refreshing native plugins compatible for Editor in 0.54 ms, found 2 plugins.
Preloading 0 native plugins for Editor in 0.00 ms.
Unloading 2813 Unused Serialized files (Serialized files now loaded: 0)
System memory in use before: 127.0 MB.
System memory in use after: 127.2 MB.

Unloading 20 unused Assets to reduce memory usage. Loaded Objects now: 3248.
Total: 3.888200 ms (FindLiveObjects: 0.226500 ms CreateObjectMapping: 0.096500 ms MarkObjects: 3.473300 ms  DeleteObjects: 0.089500 ms)

AssetImportParameters requested are different than current active one (requested -> active):
  custom:framework-win-MediaFoundation: 216162199b28c13a410421893ffa2e32 -> 
  custom:video-decoder-ogg-theora: a1e56fd34408186e4bbccfd4996cb3dc -> 
  custom:container-muxer-webm: aa71ff27fc2769a1b78a27578f13a17b -> 
  custom:container-demuxer-webm: 4f35f7cbe854078d1ac9338744f61a02 -> 
  custom:container-demuxer-ogg: 62fdf1f143b41e24485cea50d1cbac27 -> 
  custom:video-encoder-webm-vp8: eb34c28f22e8b96e1ab97ce403110664 -> 
  custom:video-decoder-webm-vp8: 9c59270c3fd7afecdb556c50c9e8de78 -> 
  custom:audio-decoder-ogg-vorbis: bf7c407c2cedff20999df2af8eb42d56 -> 
  custom:audio-encoder-webm-vorbis: bf7c407c2cedff20999df2af8eb42d56 -> 
========================================================================
Received Import Request.
  path: Assets/PBRVelociraptor/Demo/Scenes/DemoScene.unity
  artifactKey: Guid(48ed1984577f3944a87fc4f46bdf4be0) Importer(815301076,1909f56bfc062723c751e8b465ee728b)
Start importing Assets/PBRVelociraptor/Demo/Scenes/DemoScene.unity using Guid(48ed1984577f3944a87fc4f46bdf4be0) Importer(815301076,1909f56bfc062723c751e8b465ee728b)  -> (artifact id: '295b57a4821acd44d9f9cc8f07a49a6e') in 0.017110 seconds 
  Import took 0.021375 seconds .

========================================================================
Received Import Request.
  Time since last request: 9.818174 seconds.
  path: Assets/PBRVelociraptor/Materials/StandardBlack.mat
  artifactKey: Guid(827f6efdf62eff844b05c4d75456332c) Importer(815301076,1909f56bfc062723c751e8b465ee728b)
Start importing Assets/PBRVelociraptor/Materials/StandardBlack.mat using Guid(827f6efdf62eff844b05c4d75456332c) Importer(815301076,1909f56bfc062723c751e8b465ee728b)  -> (artifact id: '01f388f2bc5516ac2c6cf219ed66da52') in 0.252498 seconds 
  Import took 0.257045 seconds .

========================================================================
Received Import Request.
  Time since last request: 21.203665 seconds.
  path: Assets/PBRVelociraptor/Models/5K/Raptor_Animated_FBX_5K.fbx
  artifactKey: Guid(6bcc76aebcc27f641a1ba39f7e8e5fe6) Importer(815301076,1909f56bfc062723c751e8b465ee728b)
Start importing Assets/PBRVelociraptor/Models/5K/Raptor_Animated_FBX_5K.fbx using Guid(6bcc76aebcc27f641a1ba39f7e8e5fe6) Importer(815301076,1909f56bfc062723c751e8b465ee728b)  -> (artifact id: '93bab124120903dc341d7fbad8514575') in 0.726538 seconds 
  Import took 0.734216 seconds .

========================================================================
Received Import Request.
  Time since last request: 9.068839 seconds.
  path: Assets/PBRVelociraptor/Prefabs/PBR
  artifactKey: Guid(e495f5e199f81154cabfd360121c7fd7) Importer(815301076,1909f56bfc062723c751e8b465ee728b)
Start importing Assets/PBRVelociraptor/Prefabs/PBR using Guid(e495f5e199f81154cabfd360121c7fd7) Importer(815301076,1909f56bfc062723c751e8b465ee728b)  -> (artifact id: '73d6dfb8fc43b9383c955bdec1d002ca') in 0.009646 seconds 
  Import took 0.016897 seconds .

========================================================================
Received Import Request.
  Time since last request: 0.859634 seconds.
  path: Assets/PBRVelociraptor/Prefabs/PBR/15K
  artifactKey: Guid(42b7e057c8319df4e9eaf971afab9b5c) Importer(815301076,1909f56bfc062723c751e8b465ee728b)
Start importing Assets/PBRVelociraptor/Prefabs/PBR/15K using Guid(42b7e057c8319df4e9eaf971afab9b5c) Importer(815301076,1909f56bfc062723c751e8b465ee728b)  -> (artifact id: '2ceb64dd504084f2a3078bf190c43d5b') in 0.012626 seconds 
  Import took 0.024055 seconds .

========================================================================
Received Import Request.
  Time since last request: 0.037854 seconds.
  path: Assets/PBRVelociraptor/Prefabs/PBR/15K/PBR_Velociraptor_Blue.prefab
  artifactKey: Guid(18cdeb82e935406469fd3a3f3d385b5f) Importer(815301076,1909f56bfc062723c751e8b465ee728b)
Start importing Assets/PBRVelociraptor/Prefabs/PBR/15K/PBR_Velociraptor_Blue.prefab using Guid(18cdeb82e935406469fd3a3f3d385b5f) Importer(815301076,1909f56bfc062723c751e8b465ee728b)  -> (artifact id: 'ddd4ba423fe8accae8a05d81e1e54e85') in 0.214924 seconds 
  Import took 0.225552 seconds .

========================================================================
Received Import Request.
  Time since last request: 0.000306 seconds.
  path: Assets/PBRVelociraptor/Prefabs/PBR/15K/PBR_Velociraptor_Orange.prefab
  artifactKey: Guid(67e00b0ea633db443add4eba34618762) Importer(815301076,1909f56bfc062723c751e8b465ee728b)
Start importing Assets/PBRVelociraptor/Prefabs/PBR/15K/PBR_Velociraptor_Orange.prefab using Guid(67e00b0ea633db443add4eba34618762) Importer(815301076,1909f56bfc062723c751e8b465ee728b)  -> (artifact id: 'adda3fcd170c7ee137d28ce45ed1fb48') in 0.089354 seconds 
  Import took 0.101797 seconds .

========================================================================
Received Import Request.
  Time since last request: 0.000307 seconds.
  path: Assets/PBRVelociraptor/Prefabs/PBR/15K/PBR_Velociraptor_Sand_Male.prefab
  artifactKey: Guid(d56f267ce815ae34f9d085e7c366f375) Importer(815301076,1909f56bfc062723c751e8b465ee728b)
Start importing Assets/PBRVelociraptor/Prefabs/PBR/15K/PBR_Velociraptor_Sand_Male.prefab using Guid(d56f267ce815ae34f9d085e7c366f375) Importer(815301076,1909f56bfc062723c751e8b465ee728b)  -> (artifact id: '99b78968d99fdd35e4545b8ca957bc5a') in 0.065592 seconds 
  Import took 0.075728 seconds .

========================================================================
Received Import Request.
  Time since last request: 0.000508 seconds.
  path: Assets/PBRVelociraptor/Prefabs/PBR/15K/PBR_Velociraptor_Green.prefab
  artifactKey: Guid(b4281f7b16533374cbb8e4ce856709bf) Importer(815301076,1909f56bfc062723c751e8b465ee728b)
Start importing Assets/PBRVelociraptor/Prefabs/PBR/15K/PBR_Velociraptor_Green.prefab using Guid(b4281f7b16533374cbb8e4ce856709bf) Importer(815301076,1909f56bfc062723c751e8b465ee728b)  -> (artifact id: '57fdaba4d1a33a8734aa6fbd2766fede') in 0.064560 seconds 
  Import took 0.073898 seconds .

========================================================================
Received Import Request.
  Time since last request: 0.000293 seconds.
  path: Assets/PBRVelociraptor/Prefabs/PBR/15K/PBR_Velociraptor_Sand_Female.prefab
  artifactKey: Guid(a6e428d25621838498eed77023033d4b) Importer(815301076,1909f56bfc062723c751e8b465ee728b)
Start importing Assets/PBRVelociraptor/Prefabs/PBR/15K/PBR_Velociraptor_Sand_Female.prefab using Guid(a6e428d25621838498eed77023033d4b) Importer(815301076,1909f56bfc062723c751e8b465ee728b)  -> (artifact id: '9cd364e7e7da8b9d4a85a9200021c4bc') in 0.077344 seconds 
  Import took 0.086654 seconds .

========================================================================
Received Import Request.
  Time since last request: 5.818237 seconds.
  path: Assets/PBRVelociraptor/Materials/V10PBR/RaptorBodyA.mat
  artifactKey: Guid(9756d9775ee845641991a3feacf02a14) Importer(815301076,1909f56bfc062723c751e8b465ee728b)
Start importing Assets/PBRVelociraptor/Materials/V10PBR/RaptorBodyA.mat using Guid(9756d9775ee845641991a3feacf02a14) Importer(815301076,1909f56bfc062723c751e8b465ee728b)  -> (artifact id: 'd1dea4149406d453f8b81413593d4985') in 0.026857 seconds 
  Import took 0.032202 seconds .

========================================================================
Received Import Request.
  Time since last request: 0.000269 seconds.
  path: Assets/PBRVelociraptor/Materials/V10PBR/RaptorCornea.mat
  artifactKey: Guid(bfa85b1f8cdc53541ad85e2a564f2e57) Importer(815301076,1909f56bfc062723c751e8b465ee728b)
Start importing Assets/PBRVelociraptor/Materials/V10PBR/RaptorCornea.mat using Guid(bfa85b1f8cdc53541ad85e2a564f2e57) Importer(815301076,1909f56bfc062723c751e8b465ee728b)  -> (artifact id: 'fd708ec51237456a2bc1da4f10f69f6a') in 0.017082 seconds 
  Import took 0.022986 seconds .

========================================================================
Received Import Request.
  Time since last request: 0.000296 seconds.
  path: Assets/PBRVelociraptor/Materials/V10PBR/RaptorBodyB.mat
  artifactKey: Guid(16106db2626066345a7fd5339d91bde3) Importer(815301076,1909f56bfc062723c751e8b465ee728b)
Start importing Assets/PBRVelociraptor/Materials/V10PBR/RaptorBodyB.mat using Guid(16106db2626066345a7fd5339d91bde3) Importer(815301076,1909f56bfc062723c751e8b465ee728b)  -> (artifact id: '4356bdfd8c2416c5a575276b96e18815') in 0.029617 seconds 
  Import took 0.035193 seconds .

========================================================================
Received Import Request.
  Time since last request: 0.000273 seconds.
  path: Assets/PBRVelociraptor/Materials/V10PBR/RaptorBodyE.mat
  artifactKey: Guid(ee022dab46a4b2c47acaebf6af334421) Importer(815301076,1909f56bfc062723c751e8b465ee728b)
Start importing Assets/PBRVelociraptor/Materials/V10PBR/RaptorBodyE.mat using Guid(ee022dab46a4b2c47acaebf6af334421) Importer(815301076,1909f56bfc062723c751e8b465ee728b)  -> (artifact id: '101615b1ea78e08e47ad228a56927834') in 0.030737 seconds 
  Import took 0.035991 seconds .

========================================================================
Received Import Request.
  Time since last request: 0.000267 seconds.
  path: Assets/PBRVelociraptor/Materials/V10PBR/RaptorEyesClawsTeethSpikes.mat
  artifactKey: Guid(cda485bd57aa26e49a9d538ce7c48d35) Importer(815301076,1909f56bfc062723c751e8b465ee728b)
Start importing Assets/PBRVelociraptor/Materials/V10PBR/RaptorEyesClawsTeethSpikes.mat using Guid(cda485bd57aa26e49a9d538ce7c48d35) Importer(815301076,1909f56bfc062723c751e8b465ee728b)  -> (artifact id: 'cbcecc493d4f7bca632ee2ea42c33589') in 0.021623 seconds 
  Import took 0.026764 seconds .

========================================================================
Received Import Request.
  Time since last request: 0.000250 seconds.
  path: Assets/PBRVelociraptor/Materials/V10PBR/RaptorBodyD.mat
  artifactKey: Guid(41781e3d021c6ea4aaaa2f623c66594d) Importer(815301076,1909f56bfc062723c751e8b465ee728b)
Start importing Assets/PBRVelociraptor/Materials/V10PBR/RaptorBodyD.mat using Guid(41781e3d021c6ea4aaaa2f623c66594d) Importer(815301076,1909f56bfc062723c751e8b465ee728b)  -> (artifact id: '6e5a8ee29cf4b7ddfa7feb2fcb9d9080') in 0.030762 seconds 
  Import took 0.036826 seconds .

========================================================================
Received Import Request.
  Time since last request: 0.000241 seconds.
  path: Assets/PBRVelociraptor/Materials/V10PBR/RaptorBodyC.mat
  artifactKey: Guid(8a481aaf49a54424eb761a4f43c10f66) Importer(815301076,1909f56bfc062723c751e8b465ee728b)
Start importing Assets/PBRVelociraptor/Materials/V10PBR/RaptorBodyC.mat using Guid(8a481aaf49a54424eb761a4f43c10f66) Importer(815301076,1909f56bfc062723c751e8b465ee728b)  -> (artifact id: '26f69a4ccc1382fbebc36435bd7798d3') in 0.027527 seconds 
  Import took 0.033935 seconds .

========================================================================
Received Prepare
Registering precompiled user dll's ...
Registered in 0.005334 seconds.
Begin MonoManager ReloadAssembly
Native extension for WindowsStandalone target not found
Native extension for WebGL target not found
Refreshing native plugins compatible for Editor in 0.61 ms, found 2 plugins.
Preloading 0 native plugins for Editor in 0.00 ms.
Mono: successfully reloaded assembly
- Completed reload, in  1.223 seconds
Domain Reload Profiling:
	ReloadAssembly (1224ms)
		BeginReloadAssembly (157ms)
			ExecutionOrderSort (0ms)
			DisableScriptedObjects (11ms)
			BackupInstance (0ms)
			ReleaseScriptingObjects (0ms)
			CreateAndSetChildDomain (47ms)
		EndReloadAssembly (994ms)
			LoadAssemblies (109ms)
			RebuildTransferFunctionScriptingTraits (0ms)
			SetupTypeCache (338ms)
			ReleaseScriptCaches (2ms)
			RebuildScriptCaches (50ms)
			SetupLoadedEditorAssemblies (350ms)
				LogAssemblyErrors (0ms)
				InitializePlatformSupportModulesInManaged (6ms)
				SetLoadedEditorAssemblies (1ms)
				RefreshPlugins (1ms)
				BeforeProcessingInitializeOnLoad (89ms)
				ProcessInitializeOnLoadAttributes (237ms)
				ProcessInitializeOnLoadMethodAttributes (11ms)
				AfterProcessingInitializeOnLoad (7ms)
				EditorAssembliesLoaded (0ms)
			ExecutionOrderSort2 (0ms)
			AwakeInstancesAfterBackupRestoration (20ms)
Platform modules already initialized, skipping
Refreshing native plugins compatible for Editor in 0.56 ms, found 2 plugins.
Preloading 0 native plugins for Editor in 0.00 ms.
Unloading 2705 Unused Serialized files (Serialized files now loaded: 0)
System memory in use before: 139.1 MB.
System memory in use after: 139.3 MB.

Unloading 15 unused Assets to reduce memory usage. Loaded Objects now: 3334.
Total: 3.274300 ms (FindLiveObjects: 0.201900 ms CreateObjectMapping: 0.104400 ms MarkObjects: 2.930900 ms  DeleteObjects: 0.035600 ms)

AssetImportParameters requested are different than current active one (requested -> active):
  custom:framework-win-MediaFoundation: 216162199b28c13a410421893ffa2e32 -> 
  custom:video-decoder-ogg-theora: a1e56fd34408186e4bbccfd4996cb3dc -> 
  custom:container-muxer-webm: aa71ff27fc2769a1b78a27578f13a17b -> 
  custom:container-demuxer-webm: 4f35f7cbe854078d1ac9338744f61a02 -> 
  custom:container-demuxer-ogg: 62fdf1f143b41e24485cea50d1cbac27 -> 
  custom:video-encoder-webm-vp8: eb34c28f22e8b96e1ab97ce403110664 -> 
  custom:video-decoder-webm-vp8: 9c59270c3fd7afecdb556c50c9e8de78 -> 
  custom:audio-decoder-ogg-vorbis: bf7c407c2cedff20999df2af8eb42d56 -> 
  custom:audio-encoder-webm-vorbis: bf7c407c2cedff20999df2af8eb42d56 -> 
========================================================================
Received Import Request.
  Time since last request: 127.846021 seconds.
  path: Assets/PBRPachycephalasaurus/Model/24K/Pachycephalasaurus_24K.fbx
  artifactKey: Guid(a067c70fa964895469af3591bc9f4eb1) Importer(815301076,1909f56bfc062723c751e8b465ee728b)
Start importing Assets/PBRPachycephalasaurus/Model/24K/Pachycephalasaurus_24K.fbx using Guid(a067c70fa964895469af3591bc9f4eb1) Importer(815301076,1909f56bfc062723c751e8b465ee728b)  -> (artifact id: '7f2e5cf7506b2c722127f51fa147519e') in 0.239383 seconds 
  Import took 0.245865 seconds .

========================================================================
Received Prepare
Registering precompiled user dll's ...
Registered in 0.003669 seconds.
Begin MonoManager ReloadAssembly
Native extension for WindowsStandalone target not found
Native extension for WebGL target not found
Refreshing native plugins compatible for Editor in 0.54 ms, found 2 plugins.
Preloading 0 native plugins for Editor in 0.00 ms.
Mono: successfully reloaded assembly
- Completed reload, in  0.910 seconds
Domain Reload Profiling:
	ReloadAssembly (910ms)
		BeginReloadAssembly (121ms)
			ExecutionOrderSort (0ms)
			DisableScriptedObjects (6ms)
			BackupInstance (0ms)
			ReleaseScriptingObjects (0ms)
			CreateAndSetChildDomain (45ms)
		EndReloadAssembly (741ms)
			LoadAssemblies (81ms)
			RebuildTransferFunctionScriptingTraits (0ms)
			SetupTypeCache (257ms)
			ReleaseScriptCaches (1ms)
			RebuildScriptCaches (32ms)
			SetupLoadedEditorAssemblies (270ms)
				LogAssemblyErrors (0ms)
				InitializePlatformSupportModulesInManaged (4ms)
				SetLoadedEditorAssemblies (0ms)
				RefreshPlugins (1ms)
				BeforeProcessingInitializeOnLoad (70ms)
				ProcessInitializeOnLoadAttributes (180ms)
				ProcessInitializeOnLoadMethodAttributes (8ms)
				AfterProcessingInitializeOnLoad (6ms)
				EditorAssembliesLoaded (0ms)
			ExecutionOrderSort2 (0ms)
			AwakeInstancesAfterBackupRestoration (19ms)
Platform modules already initialized, skipping
Refreshing native plugins compatible for Editor in 0.47 ms, found 2 plugins.
Preloading 0 native plugins for Editor in 0.00 ms.
Unloading 2705 Unused Serialized files (Serialized files now loaded: 0)
System memory in use before: 139.9 MB.
System memory in use after: 140.1 MB.

Unloading 15 unused Assets to reduce memory usage. Loaded Objects now: 3372.
Total: 2.468200 ms (FindLiveObjects: 0.192400 ms CreateObjectMapping: 0.093000 ms MarkObjects: 2.165700 ms  DeleteObjects: 0.015900 ms)

AssetImportParameters requested are different than current active one (requested -> active):
  custom:framework-win-MediaFoundation: 216162199b28c13a410421893ffa2e32 -> 
  custom:video-decoder-ogg-theora: a1e56fd34408186e4bbccfd4996cb3dc -> 
  custom:container-muxer-webm: aa71ff27fc2769a1b78a27578f13a17b -> 
  custom:container-demuxer-webm: 4f35f7cbe854078d1ac9338744f61a02 -> 
  custom:container-demuxer-ogg: 62fdf1f143b41e24485cea50d1cbac27 -> 
  custom:video-encoder-webm-vp8: eb34c28f22e8b96e1ab97ce403110664 -> 
  custom:video-decoder-webm-vp8: 9c59270c3fd7afecdb556c50c9e8de78 -> 
  custom:audio-decoder-ogg-vorbis: bf7c407c2cedff20999df2af8eb42d56 -> 
  custom:audio-encoder-webm-vorbis: bf7c407c2cedff20999df2af8eb42d56 -> 
AssetImportWorkerClient::OnTransportError - code=2 error=End of file
